D:\inetpub\WebSites\Hoveret\Hovert.UI\ClientApp\dist\out-tsc\e2e\src\app.po.js
D:\inetpub\WebSites\Hoveret\Hovert.UI\ClientApp\dist\out-tsc\e2e\src\app.po.js.map
D:\inetpub\WebSites\Hoveret\Hovert.UI\ClientApp\dist\out-tsc\e2e\src\app.e2e-spec.js
D:\inetpub\WebSites\Hoveret\Hovert.UI\ClientApp\dist\out-tsc\e2e\src\app.e2e-spec.js.map
D:\inetpub\WebSites\Hoveret\Hovert.UI\ClientApp\dist\out-tsc\src\app\home\home.component.js
D:\inetpub\WebSites\Hoveret\Hovert.UI\ClientApp\dist\out-tsc\src\app\home\home.component.js.map
D:\inetpub\WebSites\Hoveret\Hovert.UI\ClientApp\dist\out-tsc\src\app\model\TenderBookletSection.js
D:\inetpub\WebSites\Hoveret\Hovert.UI\ClientApp\dist\out-tsc\src\app\model\TenderBookletSection.js.map
D:\inetpub\WebSites\Hoveret\Hovert.UI\ClientApp\dist\out-tsc\src\app\model\TenderTemplatesBookletSections.js
D:\inetpub\WebSites\Hoveret\Hovert.UI\ClientApp\dist\out-tsc\src\app\model\TenderTemplatesBookletSections.js.map
D:\inetpub\WebSites\Hoveret\Hovert.UI\ClientApp\dist\out-tsc\src\app\model\Filename.js
D:\inetpub\WebSites\Hoveret\Hovert.UI\ClientApp\dist\out-tsc\src\app\model\Filename.js.map
D:\inetpub\WebSites\Hoveret\Hovert.UI\ClientApp\dist\out-tsc\src\environments\environment.js
D:\inetpub\WebSites\Hoveret\Hovert.UI\ClientApp\dist\out-tsc\src\environments\environment.js.map
D:\inetpub\WebSites\Hoveret\Hovert.UI\ClientApp\dist\out-tsc\src\app\services\httpGeneralService.service.js
D:\inetpub\WebSites\Hoveret\Hovert.UI\ClientApp\dist\out-tsc\src\app\services\httpGeneralService.service.js.map
D:\inetpub\WebSites\Hoveret\Hovert.UI\ClientApp\dist\out-tsc\src\app\counter\counter.component.js
D:\inetpub\WebSites\Hoveret\Hovert.UI\ClientApp\dist\out-tsc\src\app\counter\counter.component.js.map
D:\inetpub\WebSites\Hoveret\Hovert.UI\ClientApp\dist\out-tsc\src\app\tender-template\tender-template.component.js
D:\inetpub\WebSites\Hoveret\Hovert.UI\ClientApp\dist\out-tsc\src\app\tender-template\tender-template.component.js.map
D:\inetpub\WebSites\Hoveret\Hovert.UI\ClientApp\dist\out-tsc\src\app\services\_alert\alert.model.js
D:\inetpub\WebSites\Hoveret\Hovert.UI\ClientApp\dist\out-tsc\src\app\services\_alert\alert.model.js.map
D:\inetpub\WebSites\Hoveret\Hovert.UI\ClientApp\dist\out-tsc\src\app\services\_alert\alert.service.js
D:\inetpub\WebSites\Hoveret\Hovert.UI\ClientApp\dist\out-tsc\src\app\services\_alert\alert.service.js.map
D:\inetpub\WebSites\Hoveret\Hovert.UI\ClientApp\dist\out-tsc\src\app\services\_alert\alert.component.js
D:\inetpub\WebSites\Hoveret\Hovert.UI\ClientApp\dist\out-tsc\src\app\services\_alert\alert.component.js.map
D:\inetpub\WebSites\Hoveret\Hovert.UI\ClientApp\dist\out-tsc\src\app\services\_alert\alert.module.js
D:\inetpub\WebSites\Hoveret\Hovert.UI\ClientApp\dist\out-tsc\src\app\services\_alert\alert.module.js.map
D:\inetpub\WebSites\Hoveret\Hovert.UI\ClientApp\dist\out-tsc\src\app\services\_alert\index.js
D:\inetpub\WebSites\Hoveret\Hovert.UI\ClientApp\dist\out-tsc\src\app\services\_alert\index.js.map
D:\inetpub\WebSites\Hoveret\Hovert.UI\ClientApp\dist\out-tsc\src\app\tender-editor\tender-editor.component.js
D:\inetpub\WebSites\Hoveret\Hovert.UI\ClientApp\dist\out-tsc\src\app\tender-editor\tender-editor.component.js.map
D:\inetpub\WebSites\Hoveret\Hovert.UI\ClientApp\dist\out-tsc\src\app\page-not-found\page-not-found.component.js
D:\inetpub\WebSites\Hoveret\Hovert.UI\ClientApp\dist\out-tsc\src\app\page-not-found\page-not-found.component.js.map
D:\inetpub\WebSites\Hoveret\Hovert.UI\ClientApp\dist\out-tsc\src\app\app.routing.js
D:\inetpub\WebSites\Hoveret\Hovert.UI\ClientApp\dist\out-tsc\src\app\app.routing.js.map
D:\inetpub\WebSites\Hoveret\Hovert.UI\ClientApp\dist\out-tsc\src\app\app.component.js
D:\inetpub\WebSites\Hoveret\Hovert.UI\ClientApp\dist\out-tsc\src\app\app.component.js.map
D:\inetpub\WebSites\Hoveret\Hovert.UI\ClientApp\dist\out-tsc\src\app\nav-menu\nav-menu.component.js
D:\inetpub\WebSites\Hoveret\Hovert.UI\ClientApp\dist\out-tsc\src\app\nav-menu\nav-menu.component.js.map
D:\inetpub\WebSites\Hoveret\Hovert.UI\ClientApp\dist\out-tsc\src\app\pipes\sanitizer-pipe.js
D:\inetpub\WebSites\Hoveret\Hovert.UI\ClientApp\dist\out-tsc\src\app\pipes\sanitizer-pipe.js.map
D:\inetpub\WebSites\Hoveret\Hovert.UI\ClientApp\dist\out-tsc\src\app\app.module.js
D:\inetpub\WebSites\Hoveret\Hovert.UI\ClientApp\dist\out-tsc\src\app\app.module.js.map
D:\inetpub\WebSites\Hoveret\Hovert.UI\ClientApp\dist\out-tsc\src\main.js
D:\inetpub\WebSites\Hoveret\Hovert.UI\ClientApp\dist\out-tsc\src\main.js.map
D:\inetpub\WebSites\Hoveret\Hovert.UI\ClientApp\dist\out-tsc\src\polyfills.js
D:\inetpub\WebSites\Hoveret\Hovert.UI\ClientApp\dist\out-tsc\src\polyfills.js.map
D:\inetpub\WebSites\Hoveret\Hovert.UI\ClientApp\dist\out-tsc\src\test.js
D:\inetpub\WebSites\Hoveret\Hovert.UI\ClientApp\dist\out-tsc\src\test.js.map
D:\inetpub\WebSites\Hoveret\Hovert.UI\ClientApp\dist\out-tsc\src\app\counter\counter.component.spec.js
D:\inetpub\WebSites\Hoveret\Hovert.UI\ClientApp\dist\out-tsc\src\app\counter\counter.component.spec.js.map
D:\inetpub\WebSites\Hoveret\Hovert.UI\ClientApp\dist\out-tsc\src\app\model\TenderSection.js
D:\inetpub\WebSites\Hoveret\Hovert.UI\ClientApp\dist\out-tsc\src\app\model\TenderSection.js.map
D:\inetpub\WebSites\Hoveret\Hovert.UI\ClientApp\dist\out-tsc\src\app\model\array.interface.js
D:\inetpub\WebSites\Hoveret\Hovert.UI\ClientApp\dist\out-tsc\src\app\model\array.interface.js.map
D:\inetpub\WebSites\Hoveret\Hovert.UI\ClientApp\dist\out-tsc\src\app\model\enum.js
D:\inetpub\WebSites\Hoveret\Hovert.UI\ClientApp\dist\out-tsc\src\app\model\enum.js.map
D:\inetpub\WebSites\Hoveret\Hovert.UI\ClientApp\dist\out-tsc\src\app\page-not-found\page-not-found.component.spec.js
D:\inetpub\WebSites\Hoveret\Hovert.UI\ClientApp\dist\out-tsc\src\app\page-not-found\page-not-found.component.spec.js.map
D:\inetpub\WebSites\Hoveret\Hovert.UI\ClientApp\dist\out-tsc\src\app\tender-editor\tender-editor.component.spec.js
D:\inetpub\WebSites\Hoveret\Hovert.UI\ClientApp\dist\out-tsc\src\app\tender-editor\tender-editor.component.spec.js.map
D:\inetpub\WebSites\Hoveret\Hovert.UI\ClientApp\dist\out-tsc\src\app\tender-template\tender-template.component.spec.js
D:\inetpub\WebSites\Hoveret\Hovert.UI\ClientApp\dist\out-tsc\src\app\tender-template\tender-template.component.spec.js.map
D:\inetpub\WebSites\Hoveret\Hovert.UI\ClientApp\dist\out-tsc\src\environments\environment.prod.js
D:\inetpub\WebSites\Hoveret\Hovert.UI\ClientApp\dist\out-tsc\src\environments\environment.prod.js.map
D:\inetpub\WebSites\Hoveret\Hovert.UI\ClientApp\dist\out-tsc\src\environments\environment.stage.js
D:\inetpub\WebSites\Hoveret\Hovert.UI\ClientApp\dist\out-tsc\src\environments\environment.stage.js.map
